<?xml version="1.0" encoding="UTF-8"?><testsuites failures="0" name="dependency-check" tests="3"><testsuite failures="0" id="0" name="/home/runner/work/coherence-spring/coherence-spring/coherence-spring-core/pom.xml" package="com.oracle.coherence.spring:coherence-spring-core:3.0.0-SNAPSHOT" skipped="0" tests="1" timestamp="2021-01-06T22:46:05.275"><testcase classname="dependency-check" name="com.oracle.coherence.spring:coherence-spring-core:3.0.0-SNAPSHOT"/></testsuite><testsuite failures="0" id="1" name="/home/runner/work/coherence-spring/coherence-spring/coherence-spring-docs/pom.xml" package="com.oracle.coherence.spring:coherence-spring-docs:3.0.0-SNAPSHOT" skipped="0" tests="1" timestamp="2021-01-06T22:46:05.275"><testcase classname="dependency-check" name="com.oracle.coherence.spring:coherence-spring-docs:3.0.0-SNAPSHOT"/></testsuite><testsuite failures="0" id="2" name="/home/runner/.m2/repository/javax/annotation/javax.annotation-api/1.3.2/javax.annotation-api-1.3.2.jar" package="javax.annotation-api-1.3.2.jar" skipped="0" tests="1" timestamp="2021-01-06T22:46:05.275"><testcase classname="dependency-check" name="javax.annotation-api-1.3.2.jar"/></testsuite></testsuites>